<?xml version="1.0" encoding="UTF-8"?>
<Site BuildName="Darwin-c++"
	BuildStamp="20230519-1850-Experimental"
	Name="Leslies-MacBook-Pro.local"
	Generator="ctest-3.26.3"
	CompilerName="/Applications/Xcode.app/Contents/Developer/Toolchains/XcodeDefault.xctoolchain/usr/bin/c++"
	CompilerVersion="14.0.3.14030022"
	OSName="macOS"
	Hostname="Leslies-MacBook-Pro.local"
	OSRelease="13.3"
	OSVersion="22E252"
	OSPlatform="arm64"
	Is64Bits="1"
	VendorString="IBM"
	VendorID="IBM"
	FamilyID="16777228"
	ModelID="2"
	ProcessorCacheSize="131072"
	NumberOfLogicalCPU="8"
	NumberOfPhysicalCPU="8"
	TotalVirtualMemory="3072"
	TotalPhysicalMemory="8192"
	LogicalProcessorsPerPhysical="8"
	ProcessorClockFrequency="0"
	>
	<Configure>
		<StartDateTime>May 19 13:50 CDT</StartDateTime>
		<StartConfigureTime>1684522243</StartConfigureTime>
		<ConfigureCommand>"/opt/homebrew/lib/python3.11/site-packages/cmake/data/bin/cmake" "/Users/lesliecook/Desktop/cmake-3.26.4-tutorial-source/Step6"</ConfigureCommand>
		<Log>-- Configuring done (0.0s)
-- Generating done (0.0s)
-- Build files have been written to: /Users/lesliecook/Desktop/cmake-3.26.4-tutorial-source/Step6/Step6_build
</Log>
		<ConfigureStatus>0</ConfigureStatus>
		<EndDateTime>May 19 13:50 CDT</EndDateTime>
		<EndConfigureTime>1684522243</EndConfigureTime>
		<ElapsedMinutes>0</ElapsedMinutes>
	</Configure>
</Site>
